<?xml version="1.0" encoding="utf-8"?>
<CoverageSession>
  <Summary numSequencePoints="85" visitedSequencePoints="4" numBranchPoints="85" visitedBranchPoints="4" sequenceCoverage="0.047" branchCoverage="0.047" maxCyclomaticComplexity="0" minCyclomaticComplexity="0" visitedClasses="1" numClasses="18" visitedMethods="1" numMethods="25" />
  <Modules>
    <Module hash="F8A386E9-DACF-42A2-9B00-2D2D2F456E21">
      <ModulePath>D:\templatemvc\test\TestTemplate\bin\Debug\netcoreapp2.1\sonarproj.dll</ModulePath>
      <ModuleTime>2018-10-03T04:01:25</ModuleTime>
      <ModuleName>sonarproj</ModuleName>
      <Files>
        <File uid="1" fullPath="D:\templatemvc\src\Program.cs" />
        <File uid="2" fullPath="D:\templatemvc\src\Startup.cs" />
        <File uid="3" fullPath="D:\templatemvc\src\Models\ErrorViewModel.cs" />
        <File uid="4" fullPath="D:\templatemvc\src\Controllers\HomeController.cs" />
        <File uid="5" fullPath="D:\templatemvc\src\Controllers\Api\HomeController.cs" />
      </Files>
      <Classes>
        <Class>
          <Summary numSequencePoints="5" visitedSequencePoints="0" numBranchPoints="0" visitedBranchPoints="0" sequenceCoverage="0" branchCoverage="0" maxCyclomaticComplexity="0" minCyclomaticComplexity="0" visitedClasses="0" numClasses="1" visitedMethods="0" numMethods="2" />
          <FullName>sonarproj.Program</FullName>
          <Methods>
            <Method cyclomaticComplexity="0" nPathComplexity="0" sequenceCoverage="0" branchCoverage="0" isConstructor="False" isGetter="False" isSetter="False" isStatic="True">
              <Summary numSequencePoints="3" visitedSequencePoints="0" numBranchPoints="0" visitedBranchPoints="0" sequenceCoverage="0" branchCoverage="0" maxCyclomaticComplexity="0" minCyclomaticComplexity="0" visitedClasses="0" numClasses="0" visitedMethods="0" numMethods="1" />
              <MetadataToken />
              <Name>System.Void sonarproj.Program::Main(System.String[])</Name>
              <FileRef uid="1" />
              <SequencePoints>
                <SequencePoint vc="0" upsid="16" ordinal="0" sl="16" sc="1" el="16" ec="2" bec="0" bev="0" fileid="1" />
                <SequencePoint vc="0" upsid="17" ordinal="1" sl="17" sc="1" el="17" ec="2" bec="0" bev="0" fileid="1" />
                <SequencePoint vc="0" upsid="18" ordinal="2" sl="18" sc="1" el="18" ec="2" bec="0" bev="0" fileid="1" />
              </SequencePoints>
              <BranchPoints />
              <MethodPoint vc="0" upsid="0" p8:type="SequencePoint" ordinal="0" offset="0" sc="0" sl="16" ec="1" el="18" bec="0" bev="0" fileid="1" xmlns:p8="xsi" />
            </Method>
            <Method cyclomaticComplexity="0" nPathComplexity="0" sequenceCoverage="0" branchCoverage="0" isConstructor="False" isGetter="False" isSetter="False" isStatic="True">
              <Summary numSequencePoints="2" visitedSequencePoints="0" numBranchPoints="0" visitedBranchPoints="0" sequenceCoverage="0" branchCoverage="0" maxCyclomaticComplexity="0" minCyclomaticComplexity="0" visitedClasses="0" numClasses="0" visitedMethods="0" numMethods="1" />
              <MetadataToken />
              <Name>Microsoft.AspNetCore.Hosting.IWebHostBuilder sonarproj.Program::CreateWebHostBuilder(System.String[])</Name>
              <FileRef uid="1" />
              <SequencePoints>
                <SequencePoint vc="0" upsid="21" ordinal="0" sl="21" sc="1" el="21" ec="2" bec="0" bev="0" fileid="1" />
                <SequencePoint vc="0" upsid="22" ordinal="1" sl="22" sc="1" el="22" ec="2" bec="0" bev="0" fileid="1" />
              </SequencePoints>
              <BranchPoints />
              <MethodPoint vc="0" upsid="0" p8:type="SequencePoint" ordinal="1" offset="1" sc="0" sl="21" ec="1" el="22" bec="0" bev="0" fileid="1" xmlns:p8="xsi" />
            </Method>
          </Methods>
        </Class>
        <Class>
          <Summary numSequencePoints="29" visitedSequencePoints="0" numBranchPoints="6" visitedBranchPoints="0" sequenceCoverage="0" branchCoverage="0" maxCyclomaticComplexity="0" minCyclomaticComplexity="0" visitedClasses="0" numClasses="1" visitedMethods="0" numMethods="3" />
          <FullName>sonarproj.Startup</FullName>
          <Methods>
            <Method cyclomaticComplexity="0" nPathComplexity="0" sequenceCoverage="0" branchCoverage="0" isConstructor="False" isGetter="True" isSetter="False" isStatic="True">
              <Summary numSequencePoints="1" visitedSequencePoints="0" numBranchPoints="0" visitedBranchPoints="0" sequenceCoverage="0" branchCoverage="0" maxCyclomaticComplexity="0" minCyclomaticComplexity="0" visitedClasses="0" numClasses="0" visitedMethods="0" numMethods="1" />
              <MetadataToken />
              <Name>Microsoft.Extensions.Configuration.IConfiguration sonarproj.Startup::get_Configuration()</Name>
              <FileRef uid="2" />
              <SequencePoints>
                <SequencePoint vc="0" upsid="22" ordinal="0" sl="22" sc="1" el="22" ec="2" bec="0" bev="0" fileid="2" />
              </SequencePoints>
              <BranchPoints />
              <MethodPoint vc="0" upsid="0" p8:type="SequencePoint" ordinal="0" offset="0" sc="0" sl="22" ec="1" el="22" bec="0" bev="0" fileid="2" xmlns:p8="xsi" />
            </Method>
            <Method cyclomaticComplexity="0" nPathComplexity="0" sequenceCoverage="0" branchCoverage="0" isConstructor="False" isGetter="False" isSetter="False" isStatic="True">
              <Summary numSequencePoints="9" visitedSequencePoints="0" numBranchPoints="2" visitedBranchPoints="0" sequenceCoverage="0" branchCoverage="0" maxCyclomaticComplexity="0" minCyclomaticComplexity="0" visitedClasses="0" numClasses="0" visitedMethods="0" numMethods="1" />
              <MetadataToken />
              <Name>System.Void sonarproj.Startup::ConfigureServices(Microsoft.Extensions.DependencyInjection.IServiceCollection)</Name>
              <FileRef uid="2" />
              <SequencePoints>
                <SequencePoint vc="0" upsid="26" ordinal="0" sl="26" sc="1" el="26" ec="2" bec="0" bev="0" fileid="2" />
                <SequencePoint vc="0" upsid="27" ordinal="1" sl="27" sc="1" el="27" ec="2" bec="0" bev="0" fileid="2" />
                <SequencePoint vc="0" upsid="28" ordinal="2" sl="28" sc="1" el="28" ec="2" bec="0" bev="0" fileid="2" />
                <SequencePoint vc="0" upsid="29" ordinal="3" sl="29" sc="1" el="29" ec="2" bec="0" bev="0" fileid="2" />
                <SequencePoint vc="0" upsid="30" ordinal="4" sl="30" sc="1" el="30" ec="2" bec="0" bev="0" fileid="2" />
                <SequencePoint vc="0" upsid="31" ordinal="5" sl="31" sc="1" el="31" ec="2" bec="0" bev="0" fileid="2" />
                <SequencePoint vc="0" upsid="32" ordinal="6" sl="32" sc="1" el="32" ec="2" bec="0" bev="0" fileid="2" />
                <SequencePoint vc="0" upsid="35" ordinal="7" sl="35" sc="1" el="35" ec="2" bec="0" bev="0" fileid="2" />
                <SequencePoint vc="0" upsid="36" ordinal="8" sl="36" sc="1" el="36" ec="2" bec="0" bev="0" fileid="2" />
              </SequencePoints>
              <BranchPoints>
                <BranchPoint vc="0" upsid="27" ordinal="0" path="0" offset="8" offsetend="10" sl="27" fileid="2" />
                <BranchPoint vc="0" upsid="27" ordinal="1" path="1" offset="8" offsetend="33" sl="27" fileid="2" />
              </BranchPoints>
              <MethodPoint vc="0" upsid="0" p8:type="SequencePoint" ordinal="1" offset="1" sc="0" sl="26" ec="1" el="36" bec="0" bev="0" fileid="2" xmlns:p8="xsi" />
            </Method>
            <Method cyclomaticComplexity="0" nPathComplexity="0" sequenceCoverage="0" branchCoverage="0" isConstructor="False" isGetter="False" isSetter="False" isStatic="True">
              <Summary numSequencePoints="19" visitedSequencePoints="0" numBranchPoints="4" visitedBranchPoints="0" sequenceCoverage="0" branchCoverage="0" maxCyclomaticComplexity="0" minCyclomaticComplexity="0" visitedClasses="0" numClasses="0" visitedMethods="0" numMethods="1" />
              <MetadataToken />
              <Name>System.Void sonarproj.Startup::Configure(Microsoft.AspNetCore.Builder.IApplicationBuilder,Microsoft.AspNetCore.Hosting.IHostingEnvironment)</Name>
              <FileRef uid="2" />
              <SequencePoints>
                <SequencePoint vc="0" upsid="40" ordinal="0" sl="40" sc="1" el="40" ec="2" bec="0" bev="0" fileid="2" />
                <SequencePoint vc="0" upsid="41" ordinal="1" sl="41" sc="1" el="41" ec="2" bec="0" bev="0" fileid="2" />
                <SequencePoint vc="0" upsid="42" ordinal="2" sl="42" sc="1" el="42" ec="2" bec="0" bev="0" fileid="2" />
                <SequencePoint vc="0" upsid="43" ordinal="3" sl="43" sc="1" el="43" ec="2" bec="0" bev="0" fileid="2" />
                <SequencePoint vc="0" upsid="44" ordinal="4" sl="44" sc="1" el="44" ec="2" bec="0" bev="0" fileid="2" />
                <SequencePoint vc="0" upsid="46" ordinal="5" sl="46" sc="1" el="46" ec="2" bec="0" bev="0" fileid="2" />
                <SequencePoint vc="0" upsid="47" ordinal="6" sl="47" sc="1" el="47" ec="2" bec="0" bev="0" fileid="2" />
                <SequencePoint vc="0" upsid="48" ordinal="7" sl="48" sc="1" el="48" ec="2" bec="0" bev="0" fileid="2" />
                <SequencePoint vc="0" upsid="49" ordinal="8" sl="49" sc="1" el="49" ec="2" bec="0" bev="0" fileid="2" />
                <SequencePoint vc="0" upsid="51" ordinal="9" sl="51" sc="1" el="51" ec="2" bec="0" bev="0" fileid="2" />
                <SequencePoint vc="0" upsid="52" ordinal="10" sl="52" sc="1" el="52" ec="2" bec="0" bev="0" fileid="2" />
                <SequencePoint vc="0" upsid="53" ordinal="11" sl="53" sc="1" el="53" ec="2" bec="0" bev="0" fileid="2" />
                <SequencePoint vc="0" upsid="55" ordinal="12" sl="55" sc="1" el="55" ec="2" bec="0" bev="0" fileid="2" />
                <SequencePoint vc="0" upsid="56" ordinal="13" sl="56" sc="1" el="56" ec="2" bec="0" bev="0" fileid="2" />
                <SequencePoint vc="0" upsid="57" ordinal="14" sl="57" sc="1" el="57" ec="2" bec="0" bev="0" fileid="2" />
                <SequencePoint vc="0" upsid="58" ordinal="15" sl="58" sc="1" el="58" ec="2" bec="0" bev="0" fileid="2" />
                <SequencePoint vc="0" upsid="59" ordinal="16" sl="59" sc="1" el="59" ec="2" bec="0" bev="0" fileid="2" />
                <SequencePoint vc="0" upsid="60" ordinal="17" sl="60" sc="1" el="60" ec="2" bec="0" bev="0" fileid="2" />
                <SequencePoint vc="0" upsid="61" ordinal="18" sl="61" sc="1" el="61" ec="2" bec="0" bev="0" fileid="2" />
              </SequencePoints>
              <BranchPoints>
                <BranchPoint vc="0" upsid="41" ordinal="0" path="0" offset="9" offsetend="11" sl="41" fileid="2" />
                <BranchPoint vc="0" upsid="41" ordinal="1" path="1" offset="9" offsetend="22" sl="41" fileid="2" />
                <BranchPoint vc="0" upsid="55" ordinal="2" path="0" offset="71" offsetend="73" sl="55" fileid="2" />
                <BranchPoint vc="0" upsid="55" ordinal="3" path="1" offset="71" offsetend="96" sl="55" fileid="2" />
              </BranchPoints>
              <MethodPoint vc="0" upsid="0" p8:type="SequencePoint" ordinal="2" offset="2" sc="0" sl="40" ec="1" el="61" bec="0" bev="0" fileid="2" xmlns:p8="xsi" />
            </Method>
          </Methods>
        </Class>
        <Class>
          <Summary numSequencePoints="0" visitedSequencePoints="0" numBranchPoints="2" visitedBranchPoints="0" sequenceCoverage="0" branchCoverage="0" maxCyclomaticComplexity="0" minCyclomaticComplexity="0" visitedClasses="0" numClasses="1" visitedMethods="0" numMethods="0" />
          <FullName>sonarproj.Startup/&lt;&gt;c</FullName>
          <Methods />
        </Class>
        <Class>
          <Summary numSequencePoints="2" visitedSequencePoints="0" numBranchPoints="0" visitedBranchPoints="0" sequenceCoverage="0" branchCoverage="0" maxCyclomaticComplexity="0" minCyclomaticComplexity="0" visitedClasses="0" numClasses="1" visitedMethods="0" numMethods="2" />
          <FullName>sonarproj.Models.ErrorViewModel</FullName>
          <Methods>
            <Method cyclomaticComplexity="0" nPathComplexity="0" sequenceCoverage="0" branchCoverage="0" isConstructor="False" isGetter="True" isSetter="False" isStatic="True">
              <Summary numSequencePoints="1" visitedSequencePoints="0" numBranchPoints="0" visitedBranchPoints="0" sequenceCoverage="0" branchCoverage="0" maxCyclomaticComplexity="0" minCyclomaticComplexity="0" visitedClasses="0" numClasses="0" visitedMethods="0" numMethods="1" />
              <MetadataToken />
              <Name>System.String sonarproj.Models.ErrorViewModel::get_RequestId()</Name>
              <FileRef uid="3" />
              <SequencePoints>
                <SequencePoint vc="0" upsid="7" ordinal="0" sl="7" sc="1" el="7" ec="2" bec="0" bev="0" fileid="3" />
              </SequencePoints>
              <BranchPoints />
              <MethodPoint vc="0" upsid="0" p8:type="SequencePoint" ordinal="0" offset="0" sc="0" sl="7" ec="1" el="7" bec="0" bev="0" fileid="3" xmlns:p8="xsi" />
            </Method>
            <Method cyclomaticComplexity="0" nPathComplexity="0" sequenceCoverage="0" branchCoverage="0" isConstructor="False" isGetter="True" isSetter="False" isStatic="True">
              <Summary numSequencePoints="1" visitedSequencePoints="0" numBranchPoints="0" visitedBranchPoints="0" sequenceCoverage="0" branchCoverage="0" maxCyclomaticComplexity="0" minCyclomaticComplexity="0" visitedClasses="0" numClasses="0" visitedMethods="0" numMethods="1" />
              <MetadataToken />
              <Name>System.Boolean sonarproj.Models.ErrorViewModel::get_ShowRequestId()</Name>
              <FileRef uid="3" />
              <SequencePoints>
                <SequencePoint vc="0" upsid="9" ordinal="0" sl="9" sc="1" el="9" ec="2" bec="0" bev="0" fileid="3" />
              </SequencePoints>
              <BranchPoints />
              <MethodPoint vc="0" upsid="0" p8:type="SequencePoint" ordinal="1" offset="1" sc="0" sl="9" ec="1" el="9" bec="0" bev="0" fileid="3" xmlns:p8="xsi" />
            </Method>
          </Methods>
        </Class>
        <Class>
          <Summary numSequencePoints="17" visitedSequencePoints="0" numBranchPoints="4" visitedBranchPoints="0" sequenceCoverage="0" branchCoverage="0" maxCyclomaticComplexity="0" minCyclomaticComplexity="0" visitedClasses="0" numClasses="1" visitedMethods="0" numMethods="5" />
          <FullName>sonarproj.Controllers.HomeController</FullName>
          <Methods>
            <Method cyclomaticComplexity="0" nPathComplexity="0" sequenceCoverage="0" branchCoverage="0" isConstructor="False" isGetter="False" isSetter="False" isStatic="True">
              <Summary numSequencePoints="3" visitedSequencePoints="0" numBranchPoints="0" visitedBranchPoints="0" sequenceCoverage="0" branchCoverage="0" maxCyclomaticComplexity="0" minCyclomaticComplexity="0" visitedClasses="0" numClasses="0" visitedMethods="0" numMethods="1" />
              <MetadataToken />
              <Name>Microsoft.AspNetCore.Mvc.IActionResult sonarproj.Controllers.HomeController::Index()</Name>
              <FileRef uid="4" />
              <SequencePoints>
                <SequencePoint vc="0" upsid="14" ordinal="0" sl="14" sc="1" el="14" ec="2" bec="0" bev="0" fileid="4" />
                <SequencePoint vc="0" upsid="15" ordinal="1" sl="15" sc="1" el="15" ec="2" bec="0" bev="0" fileid="4" />
                <SequencePoint vc="0" upsid="16" ordinal="2" sl="16" sc="1" el="16" ec="2" bec="0" bev="0" fileid="4" />
              </SequencePoints>
              <BranchPoints />
              <MethodPoint vc="0" upsid="0" p8:type="SequencePoint" ordinal="0" offset="0" sc="0" sl="14" ec="1" el="16" bec="0" bev="0" fileid="4" xmlns:p8="xsi" />
            </Method>
            <Method cyclomaticComplexity="0" nPathComplexity="0" sequenceCoverage="0" branchCoverage="0" isConstructor="False" isGetter="False" isSetter="False" isStatic="True">
              <Summary numSequencePoints="4" visitedSequencePoints="0" numBranchPoints="0" visitedBranchPoints="0" sequenceCoverage="0" branchCoverage="0" maxCyclomaticComplexity="0" minCyclomaticComplexity="0" visitedClasses="0" numClasses="0" visitedMethods="0" numMethods="1" />
              <MetadataToken />
              <Name>Microsoft.AspNetCore.Mvc.IActionResult sonarproj.Controllers.HomeController::About()</Name>
              <FileRef uid="4" />
              <SequencePoints>
                <SequencePoint vc="0" upsid="19" ordinal="0" sl="19" sc="1" el="19" ec="2" bec="0" bev="0" fileid="4" />
                <SequencePoint vc="0" upsid="20" ordinal="1" sl="20" sc="1" el="20" ec="2" bec="0" bev="0" fileid="4" />
                <SequencePoint vc="0" upsid="22" ordinal="2" sl="22" sc="1" el="22" ec="2" bec="0" bev="0" fileid="4" />
                <SequencePoint vc="0" upsid="23" ordinal="3" sl="23" sc="1" el="23" ec="2" bec="0" bev="0" fileid="4" />
              </SequencePoints>
              <BranchPoints />
              <MethodPoint vc="0" upsid="0" p8:type="SequencePoint" ordinal="1" offset="1" sc="0" sl="19" ec="1" el="23" bec="0" bev="0" fileid="4" xmlns:p8="xsi" />
            </Method>
            <Method cyclomaticComplexity="0" nPathComplexity="0" sequenceCoverage="0" branchCoverage="0" isConstructor="False" isGetter="False" isSetter="False" isStatic="True">
              <Summary numSequencePoints="4" visitedSequencePoints="0" numBranchPoints="0" visitedBranchPoints="0" sequenceCoverage="0" branchCoverage="0" maxCyclomaticComplexity="0" minCyclomaticComplexity="0" visitedClasses="0" numClasses="0" visitedMethods="0" numMethods="1" />
              <MetadataToken />
              <Name>Microsoft.AspNetCore.Mvc.IActionResult sonarproj.Controllers.HomeController::Contact()</Name>
              <FileRef uid="4" />
              <SequencePoints>
                <SequencePoint vc="0" upsid="26" ordinal="0" sl="26" sc="1" el="26" ec="2" bec="0" bev="0" fileid="4" />
                <SequencePoint vc="0" upsid="27" ordinal="1" sl="27" sc="1" el="27" ec="2" bec="0" bev="0" fileid="4" />
                <SequencePoint vc="0" upsid="29" ordinal="2" sl="29" sc="1" el="29" ec="2" bec="0" bev="0" fileid="4" />
                <SequencePoint vc="0" upsid="30" ordinal="3" sl="30" sc="1" el="30" ec="2" bec="0" bev="0" fileid="4" />
              </SequencePoints>
              <BranchPoints />
              <MethodPoint vc="0" upsid="0" p8:type="SequencePoint" ordinal="2" offset="2" sc="0" sl="26" ec="1" el="30" bec="0" bev="0" fileid="4" xmlns:p8="xsi" />
            </Method>
            <Method cyclomaticComplexity="0" nPathComplexity="0" sequenceCoverage="0" branchCoverage="0" isConstructor="False" isGetter="False" isSetter="False" isStatic="True">
              <Summary numSequencePoints="3" visitedSequencePoints="0" numBranchPoints="0" visitedBranchPoints="0" sequenceCoverage="0" branchCoverage="0" maxCyclomaticComplexity="0" minCyclomaticComplexity="0" visitedClasses="0" numClasses="0" visitedMethods="0" numMethods="1" />
              <MetadataToken />
              <Name>Microsoft.AspNetCore.Mvc.IActionResult sonarproj.Controllers.HomeController::Privacy()</Name>
              <FileRef uid="4" />
              <SequencePoints>
                <SequencePoint vc="0" upsid="33" ordinal="0" sl="33" sc="1" el="33" ec="2" bec="0" bev="0" fileid="4" />
                <SequencePoint vc="0" upsid="34" ordinal="1" sl="34" sc="1" el="34" ec="2" bec="0" bev="0" fileid="4" />
                <SequencePoint vc="0" upsid="35" ordinal="2" sl="35" sc="1" el="35" ec="2" bec="0" bev="0" fileid="4" />
              </SequencePoints>
              <BranchPoints />
              <MethodPoint vc="0" upsid="0" p8:type="SequencePoint" ordinal="3" offset="3" sc="0" sl="33" ec="1" el="35" bec="0" bev="0" fileid="4" xmlns:p8="xsi" />
            </Method>
            <Method cyclomaticComplexity="0" nPathComplexity="0" sequenceCoverage="0" branchCoverage="0" isConstructor="False" isGetter="False" isSetter="False" isStatic="True">
              <Summary numSequencePoints="3" visitedSequencePoints="0" numBranchPoints="4" visitedBranchPoints="0" sequenceCoverage="0" branchCoverage="0" maxCyclomaticComplexity="0" minCyclomaticComplexity="0" visitedClasses="0" numClasses="0" visitedMethods="0" numMethods="1" />
              <MetadataToken />
              <Name>Microsoft.AspNetCore.Mvc.IActionResult sonarproj.Controllers.HomeController::Error()</Name>
              <FileRef uid="4" />
              <SequencePoints>
                <SequencePoint vc="0" upsid="39" ordinal="0" sl="39" sc="1" el="39" ec="2" bec="0" bev="0" fileid="4" />
                <SequencePoint vc="0" upsid="40" ordinal="1" sl="40" sc="1" el="40" ec="2" bec="0" bev="0" fileid="4" />
                <SequencePoint vc="0" upsid="41" ordinal="2" sl="41" sc="1" el="41" ec="2" bec="0" bev="0" fileid="4" />
              </SequencePoints>
              <BranchPoints>
                <BranchPoint vc="0" upsid="40" ordinal="0" path="0" offset="14" offsetend="16" sl="40" fileid="4" />
                <BranchPoint vc="0" upsid="40" ordinal="1" path="1" offset="14" offsetend="20" sl="40" fileid="4" />
                <BranchPoint vc="0" upsid="40" ordinal="2" path="0" offset="26" offsetend="28" sl="40" fileid="4" />
                <BranchPoint vc="0" upsid="40" ordinal="3" path="1" offset="26" offsetend="40" sl="40" fileid="4" />
              </BranchPoints>
              <MethodPoint vc="0" upsid="0" p8:type="SequencePoint" ordinal="4" offset="4" sc="0" sl="39" ec="1" el="41" bec="0" bev="0" fileid="4" xmlns:p8="xsi" />
            </Method>
          </Methods>
        </Class>
        <Class>
          <Summary numSequencePoints="4" visitedSequencePoints="4" numBranchPoints="0" visitedBranchPoints="0" sequenceCoverage="1" branchCoverage="0" maxCyclomaticComplexity="0" minCyclomaticComplexity="0" visitedClasses="1" numClasses="1" visitedMethods="1" numMethods="1" />
          <FullName>sonarproj.Controllers.Api.HomeController</FullName>
          <Methods>
            <Method cyclomaticComplexity="0" nPathComplexity="0" sequenceCoverage="1" branchCoverage="0" isConstructor="False" isGetter="False" isSetter="False" isStatic="True">
              <Summary numSequencePoints="4" visitedSequencePoints="4" numBranchPoints="0" visitedBranchPoints="0" sequenceCoverage="1" branchCoverage="0" maxCyclomaticComplexity="0" minCyclomaticComplexity="0" visitedClasses="0" numClasses="0" visitedMethods="1" numMethods="1" />
              <MetadataToken />
              <Name>System.Int32 sonarproj.Controllers.Api.HomeController::Search()</Name>
              <FileRef uid="5" />
              <SequencePoints>
                <SequencePoint vc="1" upsid="14" ordinal="0" sl="14" sc="1" el="14" ec="2" bec="0" bev="0" fileid="5" />
                <SequencePoint vc="1" upsid="15" ordinal="1" sl="15" sc="1" el="15" ec="2" bec="0" bev="0" fileid="5" />
                <SequencePoint vc="1" upsid="16" ordinal="2" sl="16" sc="1" el="16" ec="2" bec="0" bev="0" fileid="5" />
                <SequencePoint vc="1" upsid="17" ordinal="3" sl="17" sc="1" el="17" ec="2" bec="0" bev="0" fileid="5" />
              </SequencePoints>
              <BranchPoints />
              <MethodPoint vc="4" upsid="0" p8:type="SequencePoint" ordinal="0" offset="0" sc="0" sl="14" ec="1" el="17" bec="0" bev="0" fileid="5" xmlns:p8="xsi" />
            </Method>
          </Methods>
        </Class>
      </Classes>
    </Module>
    <Module hash="6FBD4C94-ED4F-49E3-A43D-8DAA147173D6">
      <ModulePath>D:\templatemvc\test\TestTemplate\bin\Debug\netcoreapp2.1\sonarproj.Views.dll</ModulePath>
      <ModuleTime>2018-10-03T04:01:25</ModuleTime>
      <ModuleName>sonarproj.Views</ModuleName>
      <Files>
        <File uid="6" fullPath="D:\templatemvc\src\Views\Home\About.cshtml" />
        <File uid="7" fullPath="D:\templatemvc\src\Views\Home\Contact.cshtml" />
        <File uid="8" fullPath="D:\templatemvc\src\Views\Home\Index.cshtml" />
        <File uid="9" fullPath="D:\templatemvc\src\Views\Home\Privacy.cshtml" />
        <File uid="10" fullPath="D:\templatemvc\src\Views\Shared\Error.cshtml" />
        <File uid="11" fullPath="D:\templatemvc\src\Views\Shared\_CookieConsentPartial.cshtml" />
        <File uid="12" fullPath="D:\templatemvc\src\Views\Shared\_Layout.cshtml" />
        <File uid="13" fullPath="D:\templatemvc\src\Views\_ViewStart.cshtml" />
      </Files>
      <Classes>
        <Class>
          <Summary numSequencePoints="3" visitedSequencePoints="0" numBranchPoints="0" visitedBranchPoints="0" sequenceCoverage="0" branchCoverage="0" maxCyclomaticComplexity="0" minCyclomaticComplexity="0" visitedClasses="0" numClasses="1" visitedMethods="0" numMethods="1" />
          <FullName>AspNetCore.Views_Home_About/&lt;ExecuteAsync&gt;d__0</FullName>
          <Methods>
            <Method cyclomaticComplexity="0" nPathComplexity="0" sequenceCoverage="0" branchCoverage="0" isConstructor="False" isGetter="False" isSetter="False" isStatic="True">
              <Summary numSequencePoints="3" visitedSequencePoints="0" numBranchPoints="0" visitedBranchPoints="0" sequenceCoverage="0" branchCoverage="0" maxCyclomaticComplexity="0" minCyclomaticComplexity="0" visitedClasses="0" numClasses="0" visitedMethods="0" numMethods="1" />
              <MetadataToken />
              <Name>System.Void AspNetCore.Views_Home_About/&lt;ExecuteAsync&gt;d__0::MoveNext()</Name>
              <FileRef uid="6" />
              <SequencePoints>
                <SequencePoint vc="0" upsid="2" ordinal="0" sl="2" sc="1" el="2" ec="2" bec="0" bev="0" fileid="6" />
                <SequencePoint vc="0" upsid="4" ordinal="1" sl="4" sc="1" el="4" ec="2" bec="0" bev="0" fileid="6" />
                <SequencePoint vc="0" upsid="5" ordinal="2" sl="5" sc="1" el="5" ec="2" bec="0" bev="0" fileid="6" />
              </SequencePoints>
              <BranchPoints />
              <MethodPoint vc="0" upsid="0" p8:type="SequencePoint" ordinal="0" offset="0" sc="0" sl="2" ec="1" el="5" bec="0" bev="0" fileid="6" xmlns:p8="xsi" />
            </Method>
          </Methods>
        </Class>
        <Class>
          <Summary numSequencePoints="3" visitedSequencePoints="0" numBranchPoints="0" visitedBranchPoints="0" sequenceCoverage="0" branchCoverage="0" maxCyclomaticComplexity="0" minCyclomaticComplexity="0" visitedClasses="0" numClasses="1" visitedMethods="0" numMethods="1" />
          <FullName>AspNetCore.Views_Home_Contact/&lt;ExecuteAsync&gt;d__0</FullName>
          <Methods>
            <Method cyclomaticComplexity="0" nPathComplexity="0" sequenceCoverage="0" branchCoverage="0" isConstructor="False" isGetter="False" isSetter="False" isStatic="True">
              <Summary numSequencePoints="3" visitedSequencePoints="0" numBranchPoints="0" visitedBranchPoints="0" sequenceCoverage="0" branchCoverage="0" maxCyclomaticComplexity="0" minCyclomaticComplexity="0" visitedClasses="0" numClasses="0" visitedMethods="0" numMethods="1" />
              <MetadataToken />
              <Name>System.Void AspNetCore.Views_Home_Contact/&lt;ExecuteAsync&gt;d__0::MoveNext()</Name>
              <FileRef uid="7" />
              <SequencePoints>
                <SequencePoint vc="0" upsid="2" ordinal="0" sl="2" sc="1" el="2" ec="2" bec="0" bev="0" fileid="7" />
                <SequencePoint vc="0" upsid="4" ordinal="1" sl="4" sc="1" el="4" ec="2" bec="0" bev="0" fileid="7" />
                <SequencePoint vc="0" upsid="5" ordinal="2" sl="5" sc="1" el="5" ec="2" bec="0" bev="0" fileid="7" />
              </SequencePoints>
              <BranchPoints />
              <MethodPoint vc="0" upsid="0" p8:type="SequencePoint" ordinal="0" offset="0" sc="0" sl="2" ec="1" el="5" bec="0" bev="0" fileid="7" xmlns:p8="xsi" />
            </Method>
          </Methods>
        </Class>
        <Class>
          <Summary numSequencePoints="1" visitedSequencePoints="0" numBranchPoints="24" visitedBranchPoints="0" sequenceCoverage="0" branchCoverage="0" maxCyclomaticComplexity="0" minCyclomaticComplexity="0" visitedClasses="0" numClasses="1" visitedMethods="0" numMethods="1" />
          <FullName>AspNetCore.Views_Home_Index/&lt;ExecuteAsync&gt;d__14</FullName>
          <Methods>
            <Method cyclomaticComplexity="0" nPathComplexity="0" sequenceCoverage="0" branchCoverage="0" isConstructor="False" isGetter="False" isSetter="False" isStatic="True">
              <Summary numSequencePoints="1" visitedSequencePoints="0" numBranchPoints="24" visitedBranchPoints="0" sequenceCoverage="0" branchCoverage="0" maxCyclomaticComplexity="0" minCyclomaticComplexity="0" visitedClasses="0" numClasses="0" visitedMethods="0" numMethods="1" />
              <MetadataToken />
              <Name>System.Void AspNetCore.Views_Home_Index/&lt;ExecuteAsync&gt;d__14::MoveNext()</Name>
              <FileRef uid="8" />
              <SequencePoints>
                <SequencePoint vc="0" upsid="2" ordinal="0" sl="2" sc="1" el="2" ec="2" bec="0" bev="0" fileid="8" />
              </SequencePoints>
              <BranchPoints>
                <BranchPoint vc="0" upsid="2" ordinal="0" path="0" offset="200" offsetend="202" sl="2" fileid="8" />
                <BranchPoint vc="0" upsid="2" ordinal="1" path="1" offset="200" offsetend="225" sl="2" fileid="8" />
                <BranchPoint vc="0" upsid="2" ordinal="2" path="0" offset="391" offsetend="393" sl="2" fileid="8" />
                <BranchPoint vc="0" upsid="2" ordinal="3" path="1" offset="391" offsetend="460" sl="2" fileid="8" />
                <BranchPoint vc="0" upsid="2" ordinal="4" path="0" offset="494" offsetend="496" sl="2" fileid="8" />
                <BranchPoint vc="0" upsid="2" ordinal="6" path="0" offset="527" offsetend="529" sl="2" fileid="8" />
                <BranchPoint vc="0" upsid="2" ordinal="7" path="1" offset="527" offsetend="598" sl="2" fileid="8" />
                <BranchPoint vc="0" upsid="2" ordinal="5" path="1" offset="494" offsetend="607" sl="2" fileid="8" />
                <BranchPoint vc="0" upsid="2" ordinal="8" path="0" offset="780" offsetend="782" sl="2" fileid="8" />
                <BranchPoint vc="0" upsid="2" ordinal="9" path="1" offset="780" offsetend="805" sl="2" fileid="8" />
                <BranchPoint vc="0" upsid="2" ordinal="10" path="0" offset="972" offsetend="974" sl="2" fileid="8" />
                <BranchPoint vc="0" upsid="2" ordinal="11" path="1" offset="972" offsetend="1043" sl="2" fileid="8" />
                <BranchPoint vc="0" upsid="2" ordinal="12" path="0" offset="1079" offsetend="1081" sl="2" fileid="8" />
                <BranchPoint vc="0" upsid="2" ordinal="14" path="0" offset="1112" offsetend="1114" sl="2" fileid="8" />
                <BranchPoint vc="0" upsid="2" ordinal="15" path="1" offset="1112" offsetend="1183" sl="2" fileid="8" />
                <BranchPoint vc="0" upsid="2" ordinal="13" path="1" offset="1079" offsetend="1192" sl="2" fileid="8" />
                <BranchPoint vc="0" upsid="2" ordinal="16" path="0" offset="1365" offsetend="1367" sl="2" fileid="8" />
                <BranchPoint vc="0" upsid="2" ordinal="17" path="1" offset="1365" offsetend="1390" sl="2" fileid="8" />
                <BranchPoint vc="0" upsid="2" ordinal="18" path="0" offset="1557" offsetend="1559" sl="2" fileid="8" />
                <BranchPoint vc="0" upsid="2" ordinal="19" path="1" offset="1557" offsetend="1628" sl="2" fileid="8" />
                <BranchPoint vc="0" upsid="2" ordinal="20" path="0" offset="1664" offsetend="1666" sl="2" fileid="8" />
                <BranchPoint vc="0" upsid="2" ordinal="22" path="0" offset="1697" offsetend="1699" sl="2" fileid="8" />
                <BranchPoint vc="0" upsid="2" ordinal="23" path="1" offset="1697" offsetend="1768" sl="2" fileid="8" />
                <BranchPoint vc="0" upsid="2" ordinal="21" path="1" offset="1664" offsetend="1777" sl="2" fileid="8" />
              </BranchPoints>
              <MethodPoint vc="0" upsid="0" p8:type="SequencePoint" ordinal="0" offset="0" sc="0" sl="2" ec="1" el="2" bec="0" bev="0" fileid="8" xmlns:p8="xsi" />
            </Method>
          </Methods>
        </Class>
        <Class>
          <Summary numSequencePoints="2" visitedSequencePoints="0" numBranchPoints="0" visitedBranchPoints="0" sequenceCoverage="0" branchCoverage="0" maxCyclomaticComplexity="0" minCyclomaticComplexity="0" visitedClasses="0" numClasses="1" visitedMethods="0" numMethods="1" />
          <FullName>AspNetCore.Views_Home_Privacy/&lt;ExecuteAsync&gt;d__0</FullName>
          <Methods>
            <Method cyclomaticComplexity="0" nPathComplexity="0" sequenceCoverage="0" branchCoverage="0" isConstructor="False" isGetter="False" isSetter="False" isStatic="True">
              <Summary numSequencePoints="2" visitedSequencePoints="0" numBranchPoints="0" visitedBranchPoints="0" sequenceCoverage="0" branchCoverage="0" maxCyclomaticComplexity="0" minCyclomaticComplexity="0" visitedClasses="0" numClasses="0" visitedMethods="0" numMethods="1" />
              <MetadataToken />
              <Name>System.Void AspNetCore.Views_Home_Privacy/&lt;ExecuteAsync&gt;d__0::MoveNext()</Name>
              <FileRef uid="9" />
              <SequencePoints>
                <SequencePoint vc="0" upsid="2" ordinal="0" sl="2" sc="1" el="2" ec="2" bec="0" bev="0" fileid="9" />
                <SequencePoint vc="0" upsid="4" ordinal="1" sl="4" sc="1" el="4" ec="2" bec="0" bev="0" fileid="9" />
              </SequencePoints>
              <BranchPoints />
              <MethodPoint vc="0" upsid="0" p8:type="SequencePoint" ordinal="0" offset="0" sc="0" sl="2" ec="1" el="4" bec="0" bev="0" fileid="9" xmlns:p8="xsi" />
            </Method>
          </Methods>
        </Class>
        <Class>
          <Summary numSequencePoints="5" visitedSequencePoints="0" numBranchPoints="0" visitedBranchPoints="0" sequenceCoverage="0" branchCoverage="0" maxCyclomaticComplexity="0" minCyclomaticComplexity="0" visitedClasses="0" numClasses="1" visitedMethods="0" numMethods="1" />
          <FullName>AspNetCore.Views_Shared_Error/&lt;ExecuteAsync&gt;d__0</FullName>
          <Methods>
            <Method cyclomaticComplexity="0" nPathComplexity="0" sequenceCoverage="0" branchCoverage="0" isConstructor="False" isGetter="False" isSetter="False" isStatic="True">
              <Summary numSequencePoints="5" visitedSequencePoints="0" numBranchPoints="0" visitedBranchPoints="0" sequenceCoverage="0" branchCoverage="0" maxCyclomaticComplexity="0" minCyclomaticComplexity="0" visitedClasses="0" numClasses="0" visitedMethods="0" numMethods="1" />
              <MetadataToken />
              <Name>System.Void AspNetCore.Views_Shared_Error/&lt;ExecuteAsync&gt;d__0::MoveNext()</Name>
              <FileRef uid="10" />
              <SequencePoints>
                <SequencePoint vc="0" upsid="3" ordinal="0" sl="3" sc="1" el="3" ec="2" bec="0" bev="0" fileid="10" />
                <SequencePoint vc="0" upsid="9" ordinal="1" sl="9" sc="1" el="9" ec="2" bec="0" bev="0" fileid="10" />
                <SequencePoint vc="0" upsid="10" ordinal="2" sl="10" sc="1" el="10" ec="2" bec="0" bev="0" fileid="10" />
                <SequencePoint vc="0" upsid="12" ordinal="3" sl="12" sc="1" el="12" ec="2" bec="0" bev="0" fileid="10" />
                <SequencePoint vc="0" upsid="14" ordinal="4" sl="14" sc="1" el="14" ec="2" bec="0" bev="0" fileid="10" />
              </SequencePoints>
              <BranchPoints />
              <MethodPoint vc="0" upsid="0" p8:type="SequencePoint" ordinal="0" offset="0" sc="0" sl="3" ec="1" el="14" bec="0" bev="0" fileid="10" xmlns:p8="xsi" />
            </Method>
          </Methods>
        </Class>
        <Class>
          <Summary numSequencePoints="7" visitedSequencePoints="0" numBranchPoints="14" visitedBranchPoints="0" sequenceCoverage="0" branchCoverage="0" maxCyclomaticComplexity="0" minCyclomaticComplexity="0" visitedClasses="0" numClasses="1" visitedMethods="0" numMethods="1" />
          <FullName>AspNetCore.Views_Shared__CookieConsentPartial/&lt;ExecuteAsync&gt;d__10</FullName>
          <Methods>
            <Method cyclomaticComplexity="0" nPathComplexity="0" sequenceCoverage="0" branchCoverage="0" isConstructor="False" isGetter="False" isSetter="False" isStatic="True">
              <Summary numSequencePoints="7" visitedSequencePoints="0" numBranchPoints="14" visitedBranchPoints="0" sequenceCoverage="0" branchCoverage="0" maxCyclomaticComplexity="0" minCyclomaticComplexity="0" visitedClasses="0" numClasses="0" visitedMethods="0" numMethods="1" />
              <MetadataToken />
              <Name>System.Void AspNetCore.Views_Shared__CookieConsentPartial/&lt;ExecuteAsync&gt;d__10::MoveNext()</Name>
              <FileRef uid="11" />
              <SequencePoints>
                <SequencePoint vc="0" upsid="4" ordinal="0" sl="4" sc="1" el="4" ec="2" bec="0" bev="0" fileid="11" />
                <SequencePoint vc="0" upsid="5" ordinal="1" sl="5" sc="1" el="5" ec="2" bec="0" bev="0" fileid="11" />
                <SequencePoint vc="0" upsid="6" ordinal="2" sl="6" sc="1" el="6" ec="2" bec="0" bev="0" fileid="11" />
                <SequencePoint vc="0" upsid="9" ordinal="3" sl="9" sc="1" el="9" ec="2" bec="0" bev="0" fileid="11" />
                <SequencePoint vc="0" upsid="10" ordinal="4" sl="10" sc="1" el="10" ec="2" bec="0" bev="0" fileid="11" />
                <SequencePoint vc="0" upsid="28" ordinal="5" sl="28" sc="1" el="28" ec="2" bec="0" bev="0" fileid="11" />
                <SequencePoint vc="0" upsid="41" ordinal="6" sl="41" sc="1" el="41" ec="2" bec="0" bev="0" fileid="11" />
              </SequencePoints>
              <BranchPoints>
                <BranchPoint vc="0" upsid="4" ordinal="0" path="0" offset="14" offsetend="28" sl="4" fileid="11" />
                <BranchPoint vc="0" upsid="4" ordinal="1" path="1" offset="14" offsetend="741" sl="4" fileid="11" />
                <BranchPoint vc="0" upsid="5" ordinal="2" path="0" offset="109" offsetend="111" sl="5" fileid="11" />
                <BranchPoint vc="0" upsid="5" ordinal="3" path="1" offset="109" offsetend="115" sl="5" fileid="11" />
                <BranchPoint vc="0" upsid="6" ordinal="4" path="0" offset="136" offsetend="138" sl="6" fileid="11" />
                <BranchPoint vc="0" upsid="6" ordinal="5" path="1" offset="136" offsetend="142" sl="6" fileid="11" />
                <BranchPoint vc="0" upsid="9" ordinal="6" path="0" offset="208" offsetend="213" sl="9" fileid="11" />
                <BranchPoint vc="0" upsid="9" ordinal="7" path="1" offset="208" offsetend="998" sl="9" fileid="11" />
                <BranchPoint vc="0" upsid="10" ordinal="8" path="0" offset="561" offsetend="563" sl="10" fileid="11" />
                <BranchPoint vc="0" upsid="10" ordinal="9" path="1" offset="561" offsetend="630" sl="10" fileid="11" />
                <BranchPoint vc="0" upsid="10" ordinal="10" path="0" offset="666" offsetend="668" sl="10" fileid="11" />
                <BranchPoint vc="0" upsid="10" ordinal="12" path="0" offset="699" offsetend="701" sl="10" fileid="11" />
                <BranchPoint vc="0" upsid="10" ordinal="13" path="1" offset="699" offsetend="770" sl="10" fileid="11" />
                <BranchPoint vc="0" upsid="10" ordinal="11" path="1" offset="666" offsetend="779" sl="10" fileid="11" />
              </BranchPoints>
              <MethodPoint vc="0" upsid="0" p8:type="SequencePoint" ordinal="0" offset="0" sc="0" sl="4" ec="1" el="41" bec="0" bev="0" fileid="11" xmlns:p8="xsi" />
            </Method>
          </Methods>
        </Class>
        <Class>
          <Summary numSequencePoints="1" visitedSequencePoints="0" numBranchPoints="21" visitedBranchPoints="0" sequenceCoverage="0" branchCoverage="0" maxCyclomaticComplexity="0" minCyclomaticComplexity="0" visitedClasses="0" numClasses="1" visitedMethods="0" numMethods="1" />
          <FullName>AspNetCore.Views_Shared__Layout/&lt;&lt;ExecuteAsync&gt;b__45_3&gt;d</FullName>
          <Methods>
            <Method cyclomaticComplexity="0" nPathComplexity="0" sequenceCoverage="0" branchCoverage="0" isConstructor="False" isGetter="False" isSetter="False" isStatic="True">
              <Summary numSequencePoints="1" visitedSequencePoints="0" numBranchPoints="21" visitedBranchPoints="0" sequenceCoverage="0" branchCoverage="0" maxCyclomaticComplexity="0" minCyclomaticComplexity="0" visitedClasses="0" numClasses="0" visitedMethods="0" numMethods="1" />
              <MetadataToken />
              <Name>System.Void AspNetCore.Views_Shared__Layout/&lt;&lt;ExecuteAsync&gt;b__45_3&gt;d::MoveNext()</Name>
              <FileRef uid="12" />
              <SequencePoints>
                <SequencePoint vc="0" upsid="16" ordinal="0" sl="16" sc="1" el="16" ec="2" bec="0" bev="0" fileid="12" />
              </SequencePoints>
              <BranchPoints>
                <BranchPoint vc="0" upsid="16" ordinal="0" path="0" offset="8" offsetend="51" sl="16" fileid="12" />
                <BranchPoint vc="0" upsid="16" ordinal="5" path="0" offset="158" offsetend="160" sl="16" fileid="12" />
                <BranchPoint vc="0" upsid="16" ordinal="6" path="1" offset="158" offsetend="183" sl="16" fileid="12" />
                <BranchPoint vc="0" upsid="16" ordinal="7" path="0" offset="575" offsetend="577" sl="16" fileid="12" />
                <BranchPoint vc="0" upsid="16" ordinal="1" path="1" offset="8" offsetend="616" sl="16" fileid="12" />
                <BranchPoint vc="0" upsid="16" ordinal="8" path="1" offset="575" offsetend="644" sl="16" fileid="12" />
                <BranchPoint vc="0" upsid="16" ordinal="9" path="0" offset="678" offsetend="680" sl="16" fileid="12" />
                <BranchPoint vc="0" upsid="16" ordinal="11" path="0" offset="711" offsetend="713" sl="16" fileid="12" />
                <BranchPoint vc="0" upsid="16" ordinal="2" path="2" offset="8" offsetend="753" sl="16" fileid="12" />
                <BranchPoint vc="0" upsid="16" ordinal="12" path="1" offset="711" offsetend="782" sl="16" fileid="12" />
                <BranchPoint vc="0" upsid="16" ordinal="10" path="1" offset="678" offsetend="791" sl="16" fileid="12" />
                <BranchPoint vc="0" upsid="16" ordinal="13" path="0" offset="961" offsetend="963" sl="16" fileid="12" />
                <BranchPoint vc="0" upsid="16" ordinal="14" path="1" offset="961" offsetend="986" sl="16" fileid="12" />
                <BranchPoint vc="0" upsid="16" ordinal="15" path="0" offset="1280" offsetend="1282" sl="16" fileid="12" />
                <BranchPoint vc="0" upsid="16" ordinal="3" path="3" offset="8" offsetend="1322" sl="16" fileid="12" />
                <BranchPoint vc="0" upsid="16" ordinal="16" path="1" offset="1280" offsetend="1351" sl="16" fileid="12" />
                <BranchPoint vc="0" upsid="16" ordinal="17" path="0" offset="1387" offsetend="1389" sl="16" fileid="12" />
                <BranchPoint vc="0" upsid="16" ordinal="19" path="0" offset="1420" offsetend="1422" sl="16" fileid="12" />
                <BranchPoint vc="0" upsid="16" ordinal="4" path="4" offset="8" offsetend="1462" sl="16" fileid="12" />
                <BranchPoint vc="0" upsid="16" ordinal="20" path="1" offset="1420" offsetend="1491" sl="16" fileid="12" />
                <BranchPoint vc="0" upsid="16" ordinal="18" path="1" offset="1387" offsetend="1500" sl="16" fileid="12" />
              </BranchPoints>
              <MethodPoint vc="0" upsid="0" p8:type="SequencePoint" ordinal="0" offset="0" sc="0" sl="16" ec="1" el="16" bec="0" bev="0" fileid="12" xmlns:p8="xsi" />
            </Method>
          </Methods>
        </Class>
        <Class>
          <Summary numSequencePoints="1" visitedSequencePoints="0" numBranchPoints="17" visitedBranchPoints="0" sequenceCoverage="0" branchCoverage="0" maxCyclomaticComplexity="0" minCyclomaticComplexity="0" visitedClasses="0" numClasses="1" visitedMethods="0" numMethods="1" />
          <FullName>AspNetCore.Views_Shared__Layout/&lt;&lt;ExecuteAsync&gt;b__45_0&gt;d</FullName>
          <Methods>
            <Method cyclomaticComplexity="0" nPathComplexity="0" sequenceCoverage="0" branchCoverage="0" isConstructor="False" isGetter="False" isSetter="False" isStatic="True">
              <Summary numSequencePoints="1" visitedSequencePoints="0" numBranchPoints="17" visitedBranchPoints="0" sequenceCoverage="0" branchCoverage="0" maxCyclomaticComplexity="0" minCyclomaticComplexity="0" visitedClasses="0" numClasses="0" visitedMethods="0" numMethods="1" />
              <MetadataToken />
              <Name>System.Void AspNetCore.Views_Shared__Layout/&lt;&lt;ExecuteAsync&gt;b__45_0&gt;d::MoveNext()</Name>
              <FileRef uid="12" />
              <SequencePoints>
                <SequencePoint vc="0" upsid="6" ordinal="0" sl="6" sc="1" el="6" ec="2" bec="0" bev="0" fileid="12" />
              </SequencePoints>
              <BranchPoints>
                <BranchPoint vc="0" upsid="6" ordinal="0" path="0" offset="8" offsetend="51" sl="6" fileid="12" />
                <BranchPoint vc="0" upsid="6" ordinal="5" path="0" offset="434" offsetend="436" sl="6" fileid="12" />
                <BranchPoint vc="0" upsid="6" ordinal="1" path="1" offset="8" offsetend="475" sl="6" fileid="12" />
                <BranchPoint vc="0" upsid="6" ordinal="6" path="1" offset="434" offsetend="503" sl="6" fileid="12" />
                <BranchPoint vc="0" upsid="6" ordinal="7" path="0" offset="537" offsetend="539" sl="6" fileid="12" />
                <BranchPoint vc="0" upsid="6" ordinal="9" path="0" offset="570" offsetend="572" sl="6" fileid="12" />
                <BranchPoint vc="0" upsid="6" ordinal="2" path="2" offset="8" offsetend="612" sl="6" fileid="12" />
                <BranchPoint vc="0" upsid="6" ordinal="10" path="1" offset="570" offsetend="641" sl="6" fileid="12" />
                <BranchPoint vc="0" upsid="6" ordinal="8" path="1" offset="537" offsetend="650" sl="6" fileid="12" />
                <BranchPoint vc="0" upsid="6" ordinal="11" path="0" offset="988" offsetend="990" sl="6" fileid="12" />
                <BranchPoint vc="0" upsid="6" ordinal="3" path="3" offset="8" offsetend="1030" sl="6" fileid="12" />
                <BranchPoint vc="0" upsid="6" ordinal="12" path="1" offset="988" offsetend="1059" sl="6" fileid="12" />
                <BranchPoint vc="0" upsid="6" ordinal="13" path="0" offset="1095" offsetend="1097" sl="6" fileid="12" />
                <BranchPoint vc="0" upsid="6" ordinal="15" path="0" offset="1128" offsetend="1130" sl="6" fileid="12" />
                <BranchPoint vc="0" upsid="6" ordinal="4" path="4" offset="8" offsetend="1170" sl="6" fileid="12" />
                <BranchPoint vc="0" upsid="6" ordinal="16" path="1" offset="1128" offsetend="1199" sl="6" fileid="12" />
                <BranchPoint vc="0" upsid="6" ordinal="14" path="1" offset="1095" offsetend="1208" sl="6" fileid="12" />
              </BranchPoints>
              <MethodPoint vc="0" upsid="0" p8:type="SequencePoint" ordinal="0" offset="0" sc="0" sl="6" ec="1" el="6" bec="0" bev="0" fileid="12" xmlns:p8="xsi" />
            </Method>
          </Methods>
        </Class>
        <Class>
          <Summary numSequencePoints="1" visitedSequencePoints="0" numBranchPoints="31" visitedBranchPoints="0" sequenceCoverage="0" branchCoverage="0" maxCyclomaticComplexity="0" minCyclomaticComplexity="0" visitedClasses="0" numClasses="1" visitedMethods="0" numMethods="1" />
          <FullName>AspNetCore.Views_Shared__Layout/&lt;&lt;ExecuteAsync&gt;b__45_13&gt;d</FullName>
          <Methods>
            <Method cyclomaticComplexity="0" nPathComplexity="0" sequenceCoverage="0" branchCoverage="0" isConstructor="False" isGetter="False" isSetter="False" isStatic="True">
              <Summary numSequencePoints="1" visitedSequencePoints="0" numBranchPoints="31" visitedBranchPoints="0" sequenceCoverage="0" branchCoverage="0" maxCyclomaticComplexity="0" minCyclomaticComplexity="0" visitedClasses="0" numClasses="0" visitedMethods="0" numMethods="1" />
              <MetadataToken />
              <Name>System.Void AspNetCore.Views_Shared__Layout/&lt;&lt;ExecuteAsync&gt;b__45_13&gt;d::MoveNext()</Name>
              <FileRef uid="12" />
              <SequencePoints>
                <SequencePoint vc="0" upsid="54" ordinal="0" sl="54" sc="1" el="54" ec="2" bec="0" bev="0" fileid="12" />
              </SequencePoints>
              <BranchPoints>
                <BranchPoint vc="0" upsid="54" ordinal="0" path="0" offset="8" offsetend="69" sl="54" fileid="12" />
                <BranchPoint vc="0" upsid="54" ordinal="7" path="0" offset="173" offsetend="175" sl="54" fileid="12" />
                <BranchPoint vc="0" upsid="54" ordinal="8" path="1" offset="173" offsetend="198" sl="54" fileid="12" />
                <BranchPoint vc="0" upsid="54" ordinal="9" path="0" offset="320" offsetend="322" sl="54" fileid="12" />
                <BranchPoint vc="0" upsid="54" ordinal="1" path="1" offset="8" offsetend="361" sl="54" fileid="12" />
                <BranchPoint vc="0" upsid="54" ordinal="10" path="1" offset="320" offsetend="389" sl="54" fileid="12" />
                <BranchPoint vc="0" upsid="54" ordinal="11" path="0" offset="423" offsetend="425" sl="54" fileid="12" />
                <BranchPoint vc="0" upsid="54" ordinal="13" path="0" offset="456" offsetend="458" sl="54" fileid="12" />
                <BranchPoint vc="0" upsid="54" ordinal="2" path="2" offset="8" offsetend="498" sl="54" fileid="12" />
                <BranchPoint vc="0" upsid="54" ordinal="14" path="1" offset="456" offsetend="527" sl="54" fileid="12" />
                <BranchPoint vc="0" upsid="54" ordinal="12" path="1" offset="423" offsetend="536" sl="54" fileid="12" />
                <BranchPoint vc="0" upsid="54" ordinal="15" path="0" offset="706" offsetend="708" sl="54" fileid="12" />
                <BranchPoint vc="0" upsid="54" ordinal="16" path="1" offset="706" offsetend="731" sl="54" fileid="12" />
                <BranchPoint vc="0" upsid="54" ordinal="17" path="0" offset="854" offsetend="856" sl="54" fileid="12" />
                <BranchPoint vc="0" upsid="54" ordinal="3" path="3" offset="8" offsetend="896" sl="54" fileid="12" />
                <BranchPoint vc="0" upsid="54" ordinal="18" path="1" offset="854" offsetend="925" sl="54" fileid="12" />
                <BranchPoint vc="0" upsid="54" ordinal="19" path="0" offset="961" offsetend="963" sl="54" fileid="12" />
                <BranchPoint vc="0" upsid="54" ordinal="21" path="0" offset="994" offsetend="996" sl="54" fileid="12" />
                <BranchPoint vc="0" upsid="54" ordinal="4" path="4" offset="8" offsetend="1036" sl="54" fileid="12" />
                <BranchPoint vc="0" upsid="54" ordinal="22" path="1" offset="994" offsetend="1065" sl="54" fileid="12" />
                <BranchPoint vc="0" upsid="54" ordinal="20" path="1" offset="961" offsetend="1074" sl="54" fileid="12" />
                <BranchPoint vc="0" upsid="54" ordinal="23" path="0" offset="1244" offsetend="1246" sl="54" fileid="12" />
                <BranchPoint vc="0" upsid="54" ordinal="24" path="1" offset="1244" offsetend="1269" sl="54" fileid="12" />
                <BranchPoint vc="0" upsid="54" ordinal="25" path="0" offset="1541" offsetend="1543" sl="54" fileid="12" />
                <BranchPoint vc="0" upsid="54" ordinal="5" path="5" offset="8" offsetend="1583" sl="54" fileid="12" />
                <BranchPoint vc="0" upsid="54" ordinal="26" path="1" offset="1541" offsetend="1612" sl="54" fileid="12" />
                <BranchPoint vc="0" upsid="54" ordinal="27" path="0" offset="1648" offsetend="1650" sl="54" fileid="12" />
                <BranchPoint vc="0" upsid="54" ordinal="29" path="0" offset="1681" offsetend="1683" sl="54" fileid="12" />
                <BranchPoint vc="0" upsid="54" ordinal="6" path="6" offset="8" offsetend="1723" sl="54" fileid="12" />
                <BranchPoint vc="0" upsid="54" ordinal="30" path="1" offset="1681" offsetend="1752" sl="54" fileid="12" />
                <BranchPoint vc="0" upsid="54" ordinal="28" path="1" offset="1648" offsetend="1761" sl="54" fileid="12" />
              </BranchPoints>
              <MethodPoint vc="0" upsid="0" p8:type="SequencePoint" ordinal="0" offset="0" sc="0" sl="54" ec="1" el="54" bec="0" bev="0" fileid="12" xmlns:p8="xsi" />
            </Method>
          </Methods>
        </Class>
        <Class>
          <Summary numSequencePoints="1" visitedSequencePoints="0" numBranchPoints="27" visitedBranchPoints="0" sequenceCoverage="0" branchCoverage="0" maxCyclomaticComplexity="0" minCyclomaticComplexity="0" visitedClasses="0" numClasses="1" visitedMethods="0" numMethods="1" />
          <FullName>AspNetCore.Views_Shared__Layout/&lt;&lt;ExecuteAsync&gt;b__45_14&gt;d</FullName>
          <Methods>
            <Method cyclomaticComplexity="0" nPathComplexity="0" sequenceCoverage="0" branchCoverage="0" isConstructor="False" isGetter="False" isSetter="False" isStatic="True">
              <Summary numSequencePoints="1" visitedSequencePoints="0" numBranchPoints="27" visitedBranchPoints="0" sequenceCoverage="0" branchCoverage="0" maxCyclomaticComplexity="0" minCyclomaticComplexity="0" visitedClasses="0" numClasses="0" visitedMethods="0" numMethods="1" />
              <MetadataToken />
              <Name>System.Void AspNetCore.Views_Shared__Layout/&lt;&lt;ExecuteAsync&gt;b__45_14&gt;d::MoveNext()</Name>
              <FileRef uid="12" />
              <SequencePoints>
                <SequencePoint vc="0" upsid="69" ordinal="0" sl="69" sc="1" el="69" ec="2" bec="0" bev="0" fileid="12" />
              </SequencePoints>
              <BranchPoints>
                <BranchPoint vc="0" upsid="69" ordinal="0" path="0" offset="8" offsetend="69" sl="69" fileid="12" />
                <BranchPoint vc="0" upsid="69" ordinal="7" path="0" offset="493" offsetend="495" sl="69" fileid="12" />
                <BranchPoint vc="0" upsid="69" ordinal="1" path="1" offset="8" offsetend="534" sl="69" fileid="12" />
                <BranchPoint vc="0" upsid="69" ordinal="8" path="1" offset="493" offsetend="562" sl="69" fileid="12" />
                <BranchPoint vc="0" upsid="69" ordinal="9" path="0" offset="596" offsetend="598" sl="69" fileid="12" />
                <BranchPoint vc="0" upsid="69" ordinal="11" path="0" offset="629" offsetend="631" sl="69" fileid="12" />
                <BranchPoint vc="0" upsid="69" ordinal="2" path="2" offset="8" offsetend="671" sl="69" fileid="12" />
                <BranchPoint vc="0" upsid="69" ordinal="12" path="1" offset="629" offsetend="700" sl="69" fileid="12" />
                <BranchPoint vc="0" upsid="69" ordinal="10" path="1" offset="596" offsetend="709" sl="69" fileid="12" />
                <BranchPoint vc="0" upsid="69" ordinal="13" path="0" offset="1200" offsetend="1202" sl="69" fileid="12" />
                <BranchPoint vc="0" upsid="69" ordinal="3" path="3" offset="8" offsetend="1242" sl="69" fileid="12" />
                <BranchPoint vc="0" upsid="69" ordinal="14" path="1" offset="1200" offsetend="1271" sl="69" fileid="12" />
                <BranchPoint vc="0" upsid="69" ordinal="15" path="0" offset="1307" offsetend="1309" sl="69" fileid="12" />
                <BranchPoint vc="0" upsid="69" ordinal="17" path="0" offset="1340" offsetend="1342" sl="69" fileid="12" />
                <BranchPoint vc="0" upsid="69" ordinal="4" path="4" offset="8" offsetend="1382" sl="69" fileid="12" />
                <BranchPoint vc="0" upsid="69" ordinal="18" path="1" offset="1340" offsetend="1411" sl="69" fileid="12" />
                <BranchPoint vc="0" upsid="69" ordinal="16" path="1" offset="1307" offsetend="1420" sl="69" fileid="12" />
                <BranchPoint vc="0" upsid="69" ordinal="19" path="0" offset="1590" offsetend="1592" sl="69" fileid="12" />
                <BranchPoint vc="0" upsid="69" ordinal="20" path="1" offset="1590" offsetend="1615" sl="69" fileid="12" />
                <BranchPoint vc="0" upsid="69" ordinal="21" path="0" offset="1887" offsetend="1889" sl="69" fileid="12" />
                <BranchPoint vc="0" upsid="69" ordinal="5" path="5" offset="8" offsetend="1929" sl="69" fileid="12" />
                <BranchPoint vc="0" upsid="69" ordinal="22" path="1" offset="1887" offsetend="1958" sl="69" fileid="12" />
                <BranchPoint vc="0" upsid="69" ordinal="23" path="0" offset="1994" offsetend="1996" sl="69" fileid="12" />
                <BranchPoint vc="0" upsid="69" ordinal="25" path="0" offset="2027" offsetend="2029" sl="69" fileid="12" />
                <BranchPoint vc="0" upsid="69" ordinal="6" path="6" offset="8" offsetend="2069" sl="69" fileid="12" />
                <BranchPoint vc="0" upsid="69" ordinal="26" path="1" offset="2027" offsetend="2098" sl="69" fileid="12" />
                <BranchPoint vc="0" upsid="69" ordinal="24" path="1" offset="1994" offsetend="2107" sl="69" fileid="12" />
              </BranchPoints>
              <MethodPoint vc="0" upsid="0" p8:type="SequencePoint" ordinal="0" offset="0" sc="0" sl="69" ec="1" el="69" bec="0" bev="0" fileid="12" xmlns:p8="xsi" />
            </Method>
          </Methods>
        </Class>
        <Class>
          <Summary numSequencePoints="2" visitedSequencePoints="0" numBranchPoints="59" visitedBranchPoints="0" sequenceCoverage="0" branchCoverage="0" maxCyclomaticComplexity="0" minCyclomaticComplexity="0" visitedClasses="0" numClasses="1" visitedMethods="0" numMethods="1" />
          <FullName>AspNetCore.Views_Shared__Layout/&lt;&lt;ExecuteAsync&gt;b__45_1&gt;d</FullName>
          <Methods>
            <Method cyclomaticComplexity="0" nPathComplexity="0" sequenceCoverage="0" branchCoverage="0" isConstructor="False" isGetter="False" isSetter="False" isStatic="True">
              <Summary numSequencePoints="2" visitedSequencePoints="0" numBranchPoints="59" visitedBranchPoints="0" sequenceCoverage="0" branchCoverage="0" maxCyclomaticComplexity="0" minCyclomaticComplexity="0" visitedClasses="0" numClasses="0" visitedMethods="0" numMethods="1" />
              <MetadataToken />
              <Name>System.Void AspNetCore.Views_Shared__Layout/&lt;&lt;ExecuteAsync&gt;b__45_1&gt;d::MoveNext()</Name>
              <FileRef uid="12" />
              <SequencePoints>
                <SequencePoint vc="0" upsid="44" ordinal="0" sl="44" sc="1" el="44" ec="2" bec="0" bev="0" fileid="12" />
                <SequencePoint vc="0" upsid="72" ordinal="1" sl="72" sc="1" el="72" ec="2" bec="0" bev="0" fileid="12" />
              </SequencePoints>
              <BranchPoints>
                <BranchPoint vc="0" upsid="44" ordinal="0" path="0" offset="8" offsetend="141" sl="44" fileid="12" />
                <BranchPoint vc="0" upsid="44" ordinal="15" path="0" offset="543" offsetend="545" sl="44" fileid="12" />
                <BranchPoint vc="0" upsid="44" ordinal="1" path="1" offset="8" offsetend="584" sl="44" fileid="12" />
                <BranchPoint vc="0" upsid="44" ordinal="16" path="1" offset="543" offsetend="612" sl="44" fileid="12" />
                <BranchPoint vc="0" upsid="44" ordinal="17" path="0" offset="646" offsetend="648" sl="44" fileid="12" />
                <BranchPoint vc="0" upsid="44" ordinal="19" path="0" offset="679" offsetend="681" sl="44" fileid="12" />
                <BranchPoint vc="0" upsid="44" ordinal="2" path="2" offset="8" offsetend="721" sl="44" fileid="12" />
                <BranchPoint vc="0" upsid="44" ordinal="20" path="1" offset="679" offsetend="750" sl="44" fileid="12" />
                <BranchPoint vc="0" upsid="44" ordinal="18" path="1" offset="646" offsetend="759" sl="44" fileid="12" />
                <BranchPoint vc="0" upsid="44" ordinal="21" path="0" offset="1206" offsetend="1208" sl="44" fileid="12" />
                <BranchPoint vc="0" upsid="44" ordinal="3" path="3" offset="8" offsetend="1248" sl="44" fileid="12" />
                <BranchPoint vc="0" upsid="44" ordinal="22" path="1" offset="1206" offsetend="1277" sl="44" fileid="12" />
                <BranchPoint vc="0" upsid="44" ordinal="23" path="0" offset="1313" offsetend="1315" sl="44" fileid="12" />
                <BranchPoint vc="0" upsid="44" ordinal="25" path="0" offset="1346" offsetend="1348" sl="44" fileid="12" />
                <BranchPoint vc="0" upsid="44" ordinal="4" path="4" offset="8" offsetend="1388" sl="44" fileid="12" />
                <BranchPoint vc="0" upsid="44" ordinal="26" path="1" offset="1346" offsetend="1417" sl="44" fileid="12" />
                <BranchPoint vc="0" upsid="44" ordinal="24" path="1" offset="1313" offsetend="1426" sl="44" fileid="12" />
                <BranchPoint vc="0" upsid="44" ordinal="27" path="0" offset="1870" offsetend="1872" sl="44" fileid="12" />
                <BranchPoint vc="0" upsid="44" ordinal="5" path="5" offset="8" offsetend="1912" sl="44" fileid="12" />
                <BranchPoint vc="0" upsid="44" ordinal="28" path="1" offset="1870" offsetend="1941" sl="44" fileid="12" />
                <BranchPoint vc="0" upsid="44" ordinal="29" path="0" offset="1977" offsetend="1979" sl="44" fileid="12" />
                <BranchPoint vc="0" upsid="44" ordinal="31" path="0" offset="2010" offsetend="2012" sl="44" fileid="12" />
                <BranchPoint vc="0" upsid="44" ordinal="6" path="6" offset="8" offsetend="2052" sl="44" fileid="12" />
                <BranchPoint vc="0" upsid="44" ordinal="32" path="1" offset="2010" offsetend="2081" sl="44" fileid="12" />
                <BranchPoint vc="0" upsid="44" ordinal="30" path="1" offset="1977" offsetend="2090" sl="44" fileid="12" />
                <BranchPoint vc="0" upsid="44" ordinal="33" path="0" offset="2534" offsetend="2536" sl="44" fileid="12" />
                <BranchPoint vc="0" upsid="44" ordinal="7" path="7" offset="8" offsetend="2576" sl="44" fileid="12" />
                <BranchPoint vc="0" upsid="44" ordinal="34" path="1" offset="2534" offsetend="2605" sl="44" fileid="12" />
                <BranchPoint vc="0" upsid="44" ordinal="35" path="0" offset="2641" offsetend="2643" sl="44" fileid="12" />
                <BranchPoint vc="0" upsid="44" ordinal="37" path="0" offset="2674" offsetend="2676" sl="44" fileid="12" />
                <BranchPoint vc="0" upsid="44" ordinal="8" path="8" offset="8" offsetend="2716" sl="44" fileid="12" />
                <BranchPoint vc="0" upsid="44" ordinal="38" path="1" offset="2674" offsetend="2745" sl="44" fileid="12" />
                <BranchPoint vc="0" upsid="44" ordinal="36" path="1" offset="2641" offsetend="2754" sl="44" fileid="12" />
                <BranchPoint vc="0" upsid="44" ordinal="39" path="0" offset="2924" offsetend="2926" sl="44" fileid="12" />
                <BranchPoint vc="0" upsid="44" ordinal="40" path="1" offset="2924" offsetend="2949" sl="44" fileid="12" />
                <BranchPoint vc="0" upsid="44" ordinal="41" path="0" offset="3104" offsetend="3106" sl="44" fileid="12" />
                <BranchPoint vc="0" upsid="44" ordinal="9" path="9" offset="8" offsetend="3146" sl="44" fileid="12" />
                <BranchPoint vc="0" upsid="44" ordinal="42" path="1" offset="3104" offsetend="3175" sl="44" fileid="12" />
                <BranchPoint vc="0" upsid="44" ordinal="43" path="0" offset="3211" offsetend="3213" sl="44" fileid="12" />
                <BranchPoint vc="0" upsid="44" ordinal="45" path="0" offset="3244" offsetend="3246" sl="44" fileid="12" />
                <BranchPoint vc="0" upsid="44" ordinal="10" path="10" offset="8" offsetend="3287" sl="44" fileid="12" />
                <BranchPoint vc="0" upsid="44" ordinal="46" path="1" offset="3244" offsetend="3316" sl="44" fileid="12" />
                <BranchPoint vc="0" upsid="44" ordinal="44" path="1" offset="3211" offsetend="3325" sl="44" fileid="12" />
                <BranchPoint vc="0" upsid="44" ordinal="47" path="0" offset="3768" offsetend="3770" sl="44" fileid="12" />
                <BranchPoint vc="0" upsid="44" ordinal="11" path="11" offset="8" offsetend="3811" sl="44" fileid="12" />
                <BranchPoint vc="0" upsid="44" ordinal="48" path="1" offset="3768" offsetend="3840" sl="44" fileid="12" />
                <BranchPoint vc="0" upsid="44" ordinal="49" path="0" offset="3876" offsetend="3878" sl="44" fileid="12" />
                <BranchPoint vc="0" upsid="44" ordinal="51" path="0" offset="3909" offsetend="3911" sl="44" fileid="12" />
                <BranchPoint vc="0" upsid="44" ordinal="12" path="12" offset="8" offsetend="3952" sl="44" fileid="12" />
                <BranchPoint vc="0" upsid="44" ordinal="52" path="1" offset="3909" offsetend="3981" sl="44" fileid="12" />
                <BranchPoint vc="0" upsid="44" ordinal="50" path="1" offset="3876" offsetend="3990" sl="44" fileid="12" />
                <BranchPoint vc="0" upsid="44" ordinal="53" path="0" offset="4328" offsetend="4330" sl="44" fileid="12" />
                <BranchPoint vc="0" upsid="44" ordinal="13" path="13" offset="8" offsetend="4371" sl="44" fileid="12" />
                <BranchPoint vc="0" upsid="44" ordinal="54" path="1" offset="4328" offsetend="4400" sl="44" fileid="12" />
                <BranchPoint vc="0" upsid="44" ordinal="55" path="0" offset="4436" offsetend="4438" sl="44" fileid="12" />
                <BranchPoint vc="0" upsid="44" ordinal="57" path="0" offset="4469" offsetend="4471" sl="44" fileid="12" />
                <BranchPoint vc="0" upsid="44" ordinal="14" path="14" offset="8" offsetend="4512" sl="44" fileid="12" />
                <BranchPoint vc="0" upsid="44" ordinal="58" path="1" offset="4469" offsetend="4541" sl="44" fileid="12" />
                <BranchPoint vc="0" upsid="44" ordinal="56" path="1" offset="4436" offsetend="4550" sl="44" fileid="12" />
              </BranchPoints>
              <MethodPoint vc="0" upsid="0" p8:type="SequencePoint" ordinal="0" offset="0" sc="0" sl="44" ec="1" el="72" bec="0" bev="0" fileid="12" xmlns:p8="xsi" />
            </Method>
          </Methods>
        </Class>
        <Class>
          <Summary numSequencePoints="1" visitedSequencePoints="0" numBranchPoints="0" visitedBranchPoints="0" sequenceCoverage="0" branchCoverage="0" maxCyclomaticComplexity="0" minCyclomaticComplexity="0" visitedClasses="0" numClasses="1" visitedMethods="0" numMethods="1" />
          <FullName>AspNetCore.Views__ViewStart/&lt;ExecuteAsync&gt;d__0</FullName>
          <Methods>
            <Method cyclomaticComplexity="0" nPathComplexity="0" sequenceCoverage="0" branchCoverage="0" isConstructor="False" isGetter="False" isSetter="False" isStatic="True">
              <Summary numSequencePoints="1" visitedSequencePoints="0" numBranchPoints="0" visitedBranchPoints="0" sequenceCoverage="0" branchCoverage="0" maxCyclomaticComplexity="0" minCyclomaticComplexity="0" visitedClasses="0" numClasses="0" visitedMethods="0" numMethods="1" />
              <MetadataToken />
              <Name>System.Void AspNetCore.Views__ViewStart/&lt;ExecuteAsync&gt;d__0::MoveNext()</Name>
              <FileRef uid="13" />
              <SequencePoints>
                <SequencePoint vc="0" upsid="2" ordinal="0" sl="2" sc="1" el="2" ec="2" bec="0" bev="0" fileid="13" />
              </SequencePoints>
              <BranchPoints />
              <MethodPoint vc="0" upsid="0" p8:type="SequencePoint" ordinal="0" offset="0" sc="0" sl="2" ec="1" el="2" bec="0" bev="0" fileid="13" xmlns:p8="xsi" />
            </Method>
          </Methods>
        </Class>
      </Classes>
    </Module>
  </Modules>
</CoverageSession>